\BOOKMARK [0][-]{chapter.1}{\376\377\0001\000\040\000D\000a\000t\000a\000\040\000S\000t\000r\000u\000c\000t\000u\000r\000e\000\040\000I\000n\000d\000e\000x}{}% 1
\BOOKMARK [1][-]{section.1.1}{\376\377\0001\000.\0001\000\040\000D\000a\000t\000a\000\040\000S\000t\000r\000u\000c\000t\000u\000r\000e\000s}{chapter.1}% 2
\BOOKMARK [0][-]{chapter.2}{\376\377\0002\000\040\000F\000i\000l\000e\000\040\000I\000n\000d\000e\000x}{}% 3
\BOOKMARK [1][-]{section.2.1}{\376\377\0002\000.\0001\000\040\000F\000i\000l\000e\000\040\000L\000i\000s\000t}{chapter.2}% 4
\BOOKMARK [0][-]{chapter.3}{\376\377\0003\000\040\000D\000a\000t\000a\000\040\000S\000t\000r\000u\000c\000t\000u\000r\000e\000\040\000D\000o\000c\000u\000m\000e\000n\000t\000a\000t\000i\000o\000n}{}% 5
\BOOKMARK [1][-]{section.3.1}{\376\377\0003\000.\0001\000\040\000d\000a\000t\000a\000\040\000S\000t\000r\000u\000c\000t\000\040\000R\000e\000f\000e\000r\000e\000n\000c\000e}{chapter.3}% 6
\BOOKMARK [2][-]{subsection.3.1.1}{\376\377\0003\000.\0001\000.\0001\000\040\000D\000e\000t\000a\000i\000l\000e\000d\000\040\000D\000e\000s\000c\000r\000i\000p\000t\000i\000o\000n}{section.3.1}% 7
\BOOKMARK [2][-]{subsection.3.1.2}{\376\377\0003\000.\0001\000.\0002\000\040\000F\000i\000e\000l\000d\000\040\000D\000o\000c\000u\000m\000e\000n\000t\000a\000t\000i\000o\000n}{section.3.1}% 8
\BOOKMARK [3][-]{subsubsection.3.1.2.1}{\376\377\0003\000.\0001\000.\0002\000.\0001\000\040\000h\000u\000m\000i\000d\000i\000t\000y}{subsection.3.1.2}% 9
\BOOKMARK [3][-]{subsubsection.3.1.2.2}{\376\377\0003\000.\0001\000.\0002\000.\0002\000\040\000t\000e\000m\000p\000e\000r\000a\000t\000u\000r\000e}{subsection.3.1.2}% 10
\BOOKMARK [1][-]{section.3.2}{\376\377\0003\000.\0002\000\040\000l\000d\000r\000\040\000S\000t\000r\000u\000c\000t\000\040\000R\000e\000f\000e\000r\000e\000n\000c\000e}{chapter.3}% 11
\BOOKMARK [2][-]{subsection.3.2.1}{\376\377\0003\000.\0002\000.\0001\000\040\000D\000e\000t\000a\000i\000l\000e\000d\000\040\000D\000e\000s\000c\000r\000i\000p\000t\000i\000o\000n}{section.3.2}% 12
\BOOKMARK [2][-]{subsection.3.2.2}{\376\377\0003\000.\0002\000.\0002\000\040\000F\000i\000e\000l\000d\000\040\000D\000o\000c\000u\000m\000e\000n\000t\000a\000t\000i\000o\000n}{section.3.2}% 13
\BOOKMARK [3][-]{subsubsection.3.2.2.1}{\376\377\0003\000.\0002\000.\0002\000.\0001\000\040\000l\000u\000x}{subsection.3.2.2}% 14
\BOOKMARK [0][-]{chapter.4}{\376\377\0004\000\040\000F\000i\000l\000e\000\040\000D\000o\000c\000u\000m\000e\000n\000t\000a\000t\000i\000o\000n}{}% 15
\BOOKMARK [1][-]{section.4.1}{\376\377\0004\000.\0001\000\040\000m\000a\000i\000n\000/\000C\000M\000a\000k\000e\000L\000i\000s\000t\000s\000.\000t\000x\000t\000\040\000F\000i\000l\000e\000\040\000R\000e\000f\000e\000r\000e\000n\000c\000e}{chapter.4}% 16
\BOOKMARK [1][-]{section.4.2}{\376\377\0004\000.\0002\000\040\000m\000a\000i\000n\000/\000l\000d\000r\000.\000c\000\040\000F\000i\000l\000e\000\040\000R\000e\000f\000e\000r\000e\000n\000c\000e}{chapter.4}% 17
\BOOKMARK [2][-]{subsection.4.2.1}{\376\377\0004\000.\0002\000.\0001\000\040\000D\000e\000t\000a\000i\000l\000e\000d\000\040\000D\000e\000s\000c\000r\000i\000p\000t\000i\000o\000n}{section.4.2}% 18
\BOOKMARK [2][-]{subsection.4.2.2}{\376\377\0004\000.\0002\000.\0002\000\040\000F\000u\000n\000c\000t\000i\000o\000n\000\040\000D\000o\000c\000u\000m\000e\000n\000t\000a\000t\000i\000o\000n}{section.4.2}% 19
\BOOKMARK [3][-]{subsubsection.4.2.2.1}{\376\377\0004\000.\0002\000.\0002\000.\0001\000\040\000l\000d\000r\000\137\000t\000a\000s\000k\000\050\000\051}{subsection.4.2.2}% 20
\BOOKMARK [2][-]{subsection.4.2.3}{\376\377\0004\000.\0002\000.\0003\000\040\000V\000a\000r\000i\000a\000b\000l\000e\000\040\000D\000o\000c\000u\000m\000e\000n\000t\000a\000t\000i\000o\000n}{section.4.2}% 21
\BOOKMARK [3][-]{subsubsection.4.2.3.1}{\376\377\0004\000.\0002\000.\0003\000.\0001\000\040\000J\000S\000O\000N\000\137\000T\000E\000M\000P\000L\000A\000T\000E}{subsection.4.2.3}% 22
\BOOKMARK [1][-]{section.4.3}{\376\377\0004\000.\0003\000\040\000m\000a\000i\000n\000/\000l\000d\000r\000.\000h\000\040\000F\000i\000l\000e\000\040\000R\000e\000f\000e\000r\000e\000n\000c\000e}{chapter.4}% 23
\BOOKMARK [2][-]{subsection.4.3.1}{\376\377\0004\000.\0003\000.\0001\000\040\000F\000u\000n\000c\000t\000i\000o\000n\000\040\000D\000o\000c\000u\000m\000e\000n\000t\000a\000t\000i\000o\000n}{section.4.3}% 24
\BOOKMARK [3][-]{subsubsection.4.3.1.1}{\376\377\0004\000.\0003\000.\0001\000.\0001\000\040\000l\000d\000r\000\137\000t\000a\000s\000k\000\050\000\051}{subsection.4.3.1}% 25
\BOOKMARK [1][-]{section.4.4}{\376\377\0004\000.\0004\000\040\000m\000a\000i\000n\000/\000m\000a\000i\000n\000.\000c\000\040\000F\000i\000l\000e\000\040\000R\000e\000f\000e\000r\000e\000n\000c\000e}{chapter.4}% 26
\BOOKMARK [2][-]{subsection.4.4.1}{\376\377\0004\000.\0004\000.\0001\000\040\000F\000u\000n\000c\000t\000i\000o\000n\000\040\000D\000o\000c\000u\000m\000e\000n\000t\000a\000t\000i\000o\000n}{section.4.4}% 27
\BOOKMARK [3][-]{subsubsection.4.4.1.1}{\376\377\0004\000.\0004\000.\0001\000.\0001\000\040\000a\000p\000p\000\137\000m\000a\000i\000n\000\050\000\051}{subsection.4.4.1}% 28
\BOOKMARK [2][-]{subsection.4.4.2}{\376\377\0004\000.\0004\000.\0002\000\040\000V\000a\000r\000i\000a\000b\000l\000e\000\040\000D\000o\000c\000u\000m\000e\000n\000t\000a\000t\000i\000o\000n}{section.4.4}% 29
\BOOKMARK [3][-]{subsubsection.4.4.2.1}{\376\377\0004\000.\0004\000.\0002\000.\0001\000\040\000q\000u\000e\000u\000e}{subsection.4.4.2}% 30
\BOOKMARK [1][-]{section.4.5}{\376\377\0004\000.\0005\000\040\000m\000a\000i\000n\000/\000s\000e\000n\000d\000e\000r\000.\000c\000\040\000F\000i\000l\000e\000\040\000R\000e\000f\000e\000r\000e\000n\000c\000e}{chapter.4}% 31
\BOOKMARK [2][-]{subsection.4.5.1}{\376\377\0004\000.\0005\000.\0001\000\040\000D\000e\000t\000a\000i\000l\000e\000d\000\040\000D\000e\000s\000c\000r\000i\000p\000t\000i\000o\000n}{section.4.5}% 32
\BOOKMARK [2][-]{subsection.4.5.2}{\376\377\0004\000.\0005\000.\0002\000\040\000M\000a\000c\000r\000o\000\040\000D\000e\000f\000i\000n\000i\000t\000i\000o\000n\000\040\000D\000o\000c\000u\000m\000e\000n\000t\000a\000t\000i\000o\000n}{section.4.5}% 33
\BOOKMARK [3][-]{subsubsection.4.5.2.1}{\376\377\0004\000.\0005\000.\0002\000.\0001\000\040\000M\000A\000X\000\137\000L\000I\000N\000E}{subsection.4.5.2}% 34
\BOOKMARK [3][-]{subsubsection.4.5.2.2}{\376\377\0004\000.\0005\000.\0002\000.\0002\000\040\000M\000A\000X\000\137\000R\000E\000Q\000U\000E\000S\000T\000S}{subsection.4.5.2}% 35
\BOOKMARK [3][-]{subsubsection.4.5.2.3}{\376\377\0004\000.\0005\000.\0002\000.\0003\000\040\000S\000A}{subsection.4.5.2}% 36
\BOOKMARK [3][-]{subsubsection.4.5.2.4}{\376\377\0004\000.\0005\000.\0002\000.\0004\000\040\000S\000L\000E\000E\000P\000\137\000D\000U\000R\000A\000T\000I\000O\000N}{subsection.4.5.2}% 37
\BOOKMARK [3][-]{subsubsection.4.5.2.5}{\376\377\0004\000.\0005\000.\0002\000.\0005\000\040\000W\000E\000B\000\137\000P\000O\000R\000T}{subsection.4.5.2}% 38
\BOOKMARK [3][-]{subsubsection.4.5.2.6}{\376\377\0004\000.\0005\000.\0002\000.\0006\000\040\000W\000E\000B\000\137\000S\000E\000R\000V\000E\000R}{subsection.4.5.2}% 39
\BOOKMARK [3][-]{subsubsection.4.5.2.7}{\376\377\0004\000.\0005\000.\0002\000.\0007\000\040\000W\000E\000B\000\137\000U\000R\000L}{subsection.4.5.2}% 40
\BOOKMARK [3][-]{subsubsection.4.5.2.8}{\376\377\0004\000.\0005\000.\0002\000.\0008\000\040\000W\000I\000F\000I\000\137\000P\000A\000S\000S}{subsection.4.5.2}% 41
\BOOKMARK [3][-]{subsubsection.4.5.2.9}{\376\377\0004\000.\0005\000.\0002\000.\0009\000\040\000W\000I\000F\000I\000\137\000S\000S\000I\000D}{subsection.4.5.2}% 42
\BOOKMARK [2][-]{subsection.4.5.3}{\376\377\0004\000.\0005\000.\0003\000\040\000F\000u\000n\000c\000t\000i\000o\000n\000\040\000D\000o\000c\000u\000m\000e\000n\000t\000a\000t\000i\000o\000n}{section.4.5}% 43
\BOOKMARK [3][-]{subsubsection.4.5.3.1}{\376\377\0004\000.\0005\000.\0003\000.\0001\000\040\000e\000v\000e\000n\000t\000\137\000h\000a\000n\000d\000l\000e\000r\000\050\000\051}{subsection.4.5.3}% 44
\BOOKMARK [3][-]{subsubsection.4.5.3.2}{\376\377\0004\000.\0005\000.\0003\000.\0002\000\040\000h\000t\000t\000p\000\137\000p\000o\000s\000t\000\137\000t\000a\000s\000k\000\050\000\051}{subsection.4.5.3}% 45
\BOOKMARK [3][-]{subsubsection.4.5.3.3}{\376\377\0004\000.\0005\000.\0003\000.\0003\000\040\000i\000n\000i\000t\000i\000a\000l\000i\000s\000e\000\137\000w\000i\000f\000i\000\050\000\051}{subsection.4.5.3}% 46
\BOOKMARK [2][-]{subsection.4.5.4}{\376\377\0004\000.\0005\000.\0004\000\040\000V\000a\000r\000i\000a\000b\000l\000e\000\040\000D\000o\000c\000u\000m\000e\000n\000t\000a\000t\000i\000o\000n}{section.4.5}% 47
\BOOKMARK [3][-]{subsubsection.4.5.4.1}{\376\377\0004\000.\0005\000.\0004\000.\0001\000\040\000C\000O\000N\000N\000E\000C\000T\000E\000D\000\137\000B\000I\000T}{subsection.4.5.4}% 48
\BOOKMARK [3][-]{subsubsection.4.5.4.2}{\376\377\0004\000.\0005\000.\0004\000.\0002\000\040\000J\000S\000O\000N\000\137\000H\000E\000A\000D}{subsection.4.5.4}% 49
\BOOKMARK [3][-]{subsubsection.4.5.4.3}{\376\377\0004\000.\0005\000.\0004\000.\0003\000\040\000J\000S\000O\000N\000\137\000T\000A\000I\000L}{subsection.4.5.4}% 50
\BOOKMARK [3][-]{subsubsection.4.5.4.4}{\376\377\0004\000.\0005\000.\0004\000.\0004\000\040\000m\000u\000t\000e\000x\000\137\000b\000u\000s}{subsection.4.5.4}% 51
\BOOKMARK [3][-]{subsubsection.4.5.4.5}{\376\377\0004\000.\0005\000.\0004\000.\0005\000\040\000T\000A\000G}{subsection.4.5.4}% 52
\BOOKMARK [3][-]{subsubsection.4.5.4.6}{\376\377\0004\000.\0005\000.\0004\000.\0006\000\040\000w\000i\000f\000i\000\137\000e\000v\000e\000n\000t\000\137\000g\000r\000o\000u\000p}{subsection.4.5.4}% 53
\BOOKMARK [1][-]{section.4.6}{\376\377\0004\000.\0006\000\040\000m\000a\000i\000n\000/\000s\000e\000n\000d\000e\000r\000.\000h\000\040\000F\000i\000l\000e\000\040\000R\000e\000f\000e\000r\000e\000n\000c\000e}{chapter.4}% 54
\BOOKMARK [2][-]{subsection.4.6.1}{\376\377\0004\000.\0006\000.\0001\000\040\000F\000u\000n\000c\000t\000i\000o\000n\000\040\000D\000o\000c\000u\000m\000e\000n\000t\000a\000t\000i\000o\000n}{section.4.6}% 55
\BOOKMARK [3][-]{subsubsection.4.6.1.1}{\376\377\0004\000.\0006\000.\0001\000.\0001\000\040\000h\000t\000t\000p\000\137\000p\000o\000s\000t\000\137\000t\000a\000s\000k\000\050\000\051}{subsection.4.6.1}% 56
\BOOKMARK [1][-]{section.4.7}{\376\377\0004\000.\0007\000\040\000m\000a\000i\000n\000/\000s\000i\0007\0000\0002\0001\000.\000c\000\040\000F\000i\000l\000e\000\040\000R\000e\000f\000e\000r\000e\000n\000c\000e}{chapter.4}% 57
\BOOKMARK [2][-]{subsection.4.7.1}{\376\377\0004\000.\0007\000.\0001\000\040\000D\000e\000t\000a\000i\000l\000e\000d\000\040\000D\000e\000s\000c\000r\000i\000p\000t\000i\000o\000n}{section.4.7}% 58
\BOOKMARK [2][-]{subsection.4.7.2}{\376\377\0004\000.\0007\000.\0002\000\040\000M\000a\000c\000r\000o\000\040\000D\000e\000f\000i\000n\000i\000t\000i\000o\000n\000\040\000D\000o\000c\000u\000m\000e\000n\000t\000a\000t\000i\000o\000n}{section.4.7}% 59
\BOOKMARK [3][-]{subsubsection.4.7.2.1}{\376\377\0004\000.\0007\000.\0002\000.\0001\000\040\000A\000C\000K\000\137\000C\000H\000E\000C\000K\000\137\000D\000I\000S\000A\000B\000L\000E}{subsection.4.7.2}% 60
\BOOKMARK [3][-]{subsubsection.4.7.2.2}{\376\377\0004\000.\0007\000.\0002\000.\0002\000\040\000A\000C\000K\000\137\000C\000H\000E\000C\000K\000\137\000E\000N\000A\000B\000L\000E}{subsection.4.7.2}% 61
\BOOKMARK [3][-]{subsubsection.4.7.2.3}{\376\377\0004\000.\0007\000.\0002\000.\0003\000\040\000A\000C\000K\000\137\000V\000A\000L}{subsection.4.7.2}% 62
\BOOKMARK [3][-]{subsubsection.4.7.2.4}{\376\377\0004\000.\0007\000.\0002\000.\0004\000\040\000B\000A\000D\000\137\000C\000R\000C}{subsection.4.7.2}% 63
\BOOKMARK [3][-]{subsubsection.4.7.2.5}{\376\377\0004\000.\0007\000.\0002\000.\0005\000\040\000H\000U\000M\000D\000\137\000M\000E\000A\000S\000U\000R\000E\000\137\000H\000O\000L\000D}{subsection.4.7.2}% 64
\BOOKMARK [3][-]{subsubsection.4.7.2.6}{\376\377\0004\000.\0007\000.\0002\000.\0006\000\040\000I\0002\000C\000\137\000M\000A\000S\000T\000E\000R\000\137\000N\000U\000M}{subsection.4.7.2}% 65
\BOOKMARK [3][-]{subsubsection.4.7.2.7}{\376\377\0004\000.\0007\000.\0002\000.\0007\000\040\000I\0002\000C\000\137\000M\000A\000S\000T\000E\000R\000\137\000R\000X\000\137\000B\000U\000F\000\137\000D\000I\000S\000A\000B\000L\000E}{subsection.4.7.2}% 66
\BOOKMARK [3][-]{subsubsection.4.7.2.8}{\376\377\0004\000.\0007\000.\0002\000.\0008\000\040\000I\0002\000C\000\137\000M\000A\000S\000T\000E\000R\000\137\000S\000C\000L\000\137\000I\000O}{subsection.4.7.2}% 67
\BOOKMARK [3][-]{subsubsection.4.7.2.9}{\376\377\0004\000.\0007\000.\0002\000.\0009\000\040\000I\0002\000C\000\137\000M\000A\000S\000T\000E\000R\000\137\000S\000D\000A\000\137\000I\000O}{subsection.4.7.2}% 68
\BOOKMARK [3][-]{subsubsection.4.7.2.10}{\376\377\0004\000.\0007\000.\0002\000.\0001\0000\000\040\000I\0002\000C\000\137\000M\000A\000S\000T\000E\000R\000\137\000T\000X\000\137\000B\000U\000F\000\137\000D\000I\000S\000A\000B\000L\000E}{subsection.4.7.2}% 69
\BOOKMARK [3][-]{subsubsection.4.7.2.11}{\376\377\0004\000.\0007\000.\0002\000.\0001\0001\000\040\000I\0002\000C\000\137\000T\000I\000M\000E\000O\000U\000T}{subsection.4.7.2}% 70
\BOOKMARK [3][-]{subsubsection.4.7.2.12}{\376\377\0004\000.\0007\000.\0002\000.\0001\0002\000\040\000L\000A\000S\000T\000\137\000N\000A\000C\000K\000\137\000V\000A\000L}{subsection.4.7.2}% 71
\BOOKMARK [3][-]{subsubsection.4.7.2.13}{\376\377\0004\000.\0007\000.\0002\000.\0001\0003\000\040\000N\000A\000C\000K\000\137\000V\000A\000L}{subsection.4.7.2}% 72
\BOOKMARK [3][-]{subsubsection.4.7.2.14}{\376\377\0004\000.\0007\000.\0002\000.\0001\0004\000\040\000R\000E\000A\000D\000\137\000B\000I\000T}{subsection.4.7.2}% 73
\BOOKMARK [3][-]{subsubsection.4.7.2.15}{\376\377\0004\000.\0007\000.\0002\000.\0001\0005\000\040\000S\000I\0007\0000\0002\0001\000\137\000S\000E\000N\000S\000O\000R\000\137\000A\000D\000D\000R\000E\000S\000S}{subsection.4.7.2}% 74
\BOOKMARK [3][-]{subsubsection.4.7.2.16}{\376\377\0004\000.\0007\000.\0002\000.\0001\0006\000\040\000T\000E\000M\000P\000\137\000M\000E\000A\000S\000U\000R\000E\000\137\000H\000O\000L\000D}{subsection.4.7.2}% 75
\BOOKMARK [3][-]{subsubsection.4.7.2.17}{\376\377\0004\000.\0007\000.\0002\000.\0001\0007\000\040\000T\000E\000M\000P\000\137\000P\000R\000E\000V}{subsection.4.7.2}% 76
\BOOKMARK [3][-]{subsubsection.4.7.2.18}{\376\377\0004\000.\0007\000.\0002\000.\0001\0008\000\040\000W\000R\000I\000T\000E\000\137\000B\000I\000T}{subsection.4.7.2}% 77
\BOOKMARK [2][-]{subsection.4.7.3}{\376\377\0004\000.\0007\000.\0003\000\040\000F\000u\000n\000c\000t\000i\000o\000n\000\040\000D\000o\000c\000u\000m\000e\000n\000t\000a\000t\000i\000o\000n}{section.4.7}% 78
\BOOKMARK [3][-]{subsubsection.4.7.3.1}{\376\377\0004\000.\0007\000.\0003\000.\0001\000\040\000g\000e\000t\000\137\000r\000e\000l\000a\000t\000i\000v\000e\000\137\000h\000u\000m\000i\000d\000i\000t\000y\000\050\000\051}{subsection.4.7.3}% 79
\BOOKMARK [3][-]{subsubsection.4.7.3.2}{\376\377\0004\000.\0007\000.\0003\000.\0002\000\040\000g\000e\000t\000\137\000t\000e\000m\000p\000\137\000f\000r\000o\000m\000\137\000p\000r\000e\000v\000\137\000h\000r\000\137\000m\000e\000a\000s\000u\000r\000e\000m\000e\000n\000t\000\050\000\051}{subsection.4.7.3}% 80
\BOOKMARK [3][-]{subsubsection.4.7.3.3}{\376\377\0004\000.\0007\000.\0003\000.\0003\000\040\000i\0002\000c\000\137\000m\000a\000s\000t\000e\000r\000\137\000i\000n\000i\000t\000\050\000\051}{subsection.4.7.3}% 81
\BOOKMARK [3][-]{subsubsection.4.7.3.4}{\376\377\0004\000.\0007\000.\0003\000.\0004\000\040\000i\0002\000c\000\137\000m\000a\000s\000t\000e\000r\000\137\000m\000e\000a\000s\000u\000r\000e\000\137\000r\000e\000l\000a\000t\000i\000v\000e\000\137\000h\000u\000m\000i\000d\000i\000t\000y\000\050\000\051}{subsection.4.7.3}% 82
\BOOKMARK [3][-]{subsubsection.4.7.3.5}{\376\377\0004\000.\0007\000.\0003\000.\0005\000\040\000i\0002\000c\000\137\000m\000a\000s\000t\000e\000r\000\137\000r\000e\000a\000d\000\137\000t\000e\000m\000p\000e\000r\000a\000t\000u\000r\000e\000\137\000f\000r\000o\000m\000\137\000r\000e\000l\000a\000t\000i\000v\000e\000\137\000h\000u\000m\000i\000d\000i\000t\000y\000\050\000\051}{subsection.4.7.3}% 83
\BOOKMARK [3][-]{subsubsection.4.7.3.6}{\376\377\0004\000.\0007\000.\0003\000.\0006\000\040\000i\0002\000c\000\137\000t\000a\000s\000k\000\050\000\051}{subsection.4.7.3}% 84
\BOOKMARK [2][-]{subsection.4.7.4}{\376\377\0004\000.\0007\000.\0004\000\040\000V\000a\000r\000i\000a\000b\000l\000e\000\040\000D\000o\000c\000u\000m\000e\000n\000t\000a\000t\000i\000o\000n}{section.4.7}% 85
\BOOKMARK [3][-]{subsubsection.4.7.4.1}{\376\377\0004\000.\0007\000.\0004\000.\0001\000\040\000J\000S\000O\000N\000\137\000T\000E\000M\000P\000L\000A\000T\000E}{subsection.4.7.4}% 86
\BOOKMARK [1][-]{section.4.8}{\376\377\0004\000.\0008\000\040\000m\000a\000i\000n\000/\000s\000i\0007\0000\0002\0001\000.\000h\000\040\000F\000i\000l\000e\000\040\000R\000e\000f\000e\000r\000e\000n\000c\000e}{chapter.4}% 87
\BOOKMARK [2][-]{subsection.4.8.1}{\376\377\0004\000.\0008\000.\0001\000\040\000F\000u\000n\000c\000t\000i\000o\000n\000\040\000D\000o\000c\000u\000m\000e\000n\000t\000a\000t\000i\000o\000n}{section.4.8}% 88
\BOOKMARK [3][-]{subsubsection.4.8.1.1}{\376\377\0004\000.\0008\000.\0001\000.\0001\000\040\000i\0002\000c\000\137\000t\000a\000s\000k\000\050\000\051}{subsection.4.8.1}% 89
\BOOKMARK [0][-]{section*.18}{\376\377\000I\000n\000d\000e\000x}{}% 90
